13:16:37.440 INFO  - Processing command line option -hwspec C:/xup/embedded/labs/lab1/lab1.sdk/SDK/SDK_Export/hw/system.xml. 
13:23:13.086 INFO  - Processor reset is completed for ps7_cortexa9_0 
13:23:13.195 INFO  - PS initialization will be done as it is not done before. 
13:23:13.195 INFO  - Running PS initialization.... 
13:23:13.507 INFO  - ps7_init is completed. 
13:23:13.617 INFO  - PS Initialization is complete. 
13:25:51.725 ERROR - Unexpected error while parsing XMD response ?: com.google.gson.JsonSyntaxException: com.google.gson.stream.MalformedJsonException: invalid number or unquoted string near  
22:00:12.274 INFO  - Processing command line option -hwspec F:/emd/lab1/lab1.sdk/SDK/SDK_Export/hw/system.xml. 
22:00:12.518 INFO  - The hardware specification for project 'hw_platform_0' is different from F:/emd/lab1/lab1.sdk/SDK/SDK_Export/hw/system.xml. 
22:00:12.708 INFO  - Copied contents of F:/emd/lab1/lab1.sdk/SDK/SDK_Export/hw/system.xml into \hw_platform_0\system.xml. 
22:00:12.744 INFO  - Copied contents of F:\emd\lab1\lab1.sdk\SDK\SDK_Export\hw\system_wrapper.bit into \hw_platform_0\system.bit. 
22:00:16.236 INFO  - Copied contents of F:\emd\lab1\lab1.sdk\SDK\SDK_Export\hw\ps7_init.c into \hw_platform_0\ps7_init.c. 
22:00:16.633 INFO  - Copied contents of F:\emd\lab1\lab1.sdk\SDK\SDK_Export\hw\ps7_init.h into \hw_platform_0\ps7_init.h. 
22:00:16.670 INFO  - Copied contents of F:\emd\lab1\lab1.sdk\SDK\SDK_Export\hw\ps7_init.html into \hw_platform_0\ps7_init.html. 
22:00:16.673 INFO  - Copied contents of F:\emd\lab1\lab1.sdk\SDK\SDK_Export\hw\ps7_summary.html into \hw_platform_0\ps7_summary.html. 
22:00:16.681 INFO  - Copied contents of F:\emd\lab1\lab1.sdk\SDK\SDK_Export\hw\ps7_init.tcl into \hw_platform_0\ps7_init.tcl. 
22:00:16.807 INFO  - Synchronizing projects in the workspace with the hardware platform specification changes. 
22:00:18.762 INFO  - Updating MSS for Board Support Package Project: mem_test_bsp.
		 The following new driver assignments were made:
			Peripheral Instance: btns_4bit, driver: gpio_v3_01_a.
			Peripheral Instance: sw_4bit, driver: gpio_v3_01_a.
 
22:00:19.537 INFO  - Updating hardware inferred compiler options for mem_test. 
22:00:19.547 INFO  - Clearing existing target manager status. 
22:00:23.338 INFO  - Closing and re-opening the MSS file of ther project mem_test_bsp 
22:00:25.021 INFO  - Workspace synchronized with the new hardware specification file. Cleaning dependent projects... 
22:08:51.950 INFO  - FPGA configured successfully with bitstream "F:/emd/lab1/lab1.sdk/SDK/SDK_Export/hw_platform_0/system.bit" 
22:09:18.711 INFO  - Processor reset is completed for ps7_cortexa9_0 
22:09:18.811 INFO  - PS initialization will be done as it is not done before. 
22:09:18.811 INFO  - Running PS initialization.... 
22:09:19.208 INFO  - ps7_init is completed. 
22:09:19.308 INFO  - ps7_post_config is completed. 
22:09:19.408 INFO  - PS Initialization is complete. 
22:12:38.067 INFO  - FPGA Cable Disconnected. All active launches will be terminated. 
22:23:00.001 ERROR - Unexpected error while parsing XMD response ?: com.google.gson.JsonSyntaxException: com.google.gson.stream.MalformedJsonException: invalid number or unquoted string near  
