13:16:37.440 INFO  - Processing command line option -hwspec C:/xup/embedded/labs/lab1/lab1.sdk/SDK/SDK_Export/hw/system.xml. 
13:23:13.086 INFO  - Processor reset is completed for ps7_cortexa9_0 
13:23:13.195 INFO  - PS initialization will be done as it is not done before. 
13:23:13.195 INFO  - Running PS initialization.... 
13:23:13.507 INFO  - ps7_init is completed. 
13:23:13.617 INFO  - PS Initialization is complete. 
13:25:51.725 ERROR - Unexpected error while parsing XMD response ?: com.google.gson.JsonSyntaxException: com.google.gson.stream.MalformedJsonException: invalid number or unquoted string near  
22:00:12.274 INFO  - Processing command line option -hwspec F:/emd/lab1/lab1.sdk/SDK/SDK_Export/hw/system.xml. 
22:00:12.518 INFO  - The hardware specification for project 'hw_platform_0' is different from F:/emd/lab1/lab1.sdk/SDK/SDK_Export/hw/system.xml. 
22:00:12.708 INFO  - Copied contents of F:/emd/lab1/lab1.sdk/SDK/SDK_Export/hw/system.xml into \hw_platform_0\system.xml. 
22:00:12.744 INFO  - Copied contents of F:\emd\lab1\lab1.sdk\SDK\SDK_Export\hw\system_wrapper.bit into \hw_platform_0\system.bit. 
22:00:16.236 INFO  - Copied contents of F:\emd\lab1\lab1.sdk\SDK\SDK_Export\hw\ps7_init.c into \hw_platform_0\ps7_init.c. 
22:00:16.633 INFO  - Copied contents of F:\emd\lab1\lab1.sdk\SDK\SDK_Export\hw\ps7_init.h into \hw_platform_0\ps7_init.h. 
22:00:16.670 INFO  - Copied contents of F:\emd\lab1\lab1.sdk\SDK\SDK_Export\hw\ps7_init.html into \hw_platform_0\ps7_init.html. 
22:00:16.673 INFO  - Copied contents of F:\emd\lab1\lab1.sdk\SDK\SDK_Export\hw\ps7_summary.html into \hw_platform_0\ps7_summary.html. 
22:00:16.681 INFO  - Copied contents of F:\emd\lab1\lab1.sdk\SDK\SDK_Export\hw\ps7_init.tcl into \hw_platform_0\ps7_init.tcl. 
22:00:16.807 INFO  - Synchronizing projects in the workspace with the hardware platform specification changes. 
22:00:18.762 INFO  - Updating MSS for Board Support Package Project: mem_test_bsp.
		 The following new driver assignments were made:
			Peripheral Instance: btns_4bit, driver: gpio_v3_01_a.
			Peripheral Instance: sw_4bit, driver: gpio_v3_01_a.
 
22:00:19.537 INFO  - Updating hardware inferred compiler options for mem_test. 
22:00:19.547 INFO  - Clearing existing target manager status. 
22:00:23.338 INFO  - Closing and re-opening the MSS file of ther project mem_test_bsp 
22:00:25.021 INFO  - Workspace synchronized with the new hardware specification file. Cleaning dependent projects... 
22:08:51.950 INFO  - FPGA configured successfully with bitstream "F:/emd/lab1/lab1.sdk/SDK/SDK_Export/hw_platform_0/system.bit" 
22:09:18.711 INFO  - Processor reset is completed for ps7_cortexa9_0 
22:09:18.811 INFO  - PS initialization will be done as it is not done before. 
22:09:18.811 INFO  - Running PS initialization.... 
22:09:19.208 INFO  - ps7_init is completed. 
22:09:19.308 INFO  - ps7_post_config is completed. 
22:09:19.408 INFO  - PS Initialization is complete. 
22:12:38.067 INFO  - FPGA Cable Disconnected. All active launches will be terminated. 
22:23:00.001 ERROR - Unexpected error while parsing XMD response ?: com.google.gson.JsonSyntaxException: com.google.gson.stream.MalformedJsonException: invalid number or unquoted string near  
18:27:18.084 INFO  - Processing command line option -hwspec F:/embedded/des/lab3/project_3/project_3.sdk/SDK/SDK_Export/hw/system.xml. 
18:27:20.144 INFO  - The hardware specification for project 'hw_platform_0' is different from F:/embedded/des/lab3/project_3/project_3.sdk/SDK/SDK_Export/hw/system.xml. 
18:27:20.234 INFO  - Copied contents of F:/embedded/des/lab3/project_3/project_3.sdk/SDK/SDK_Export/hw/system.xml into \hw_platform_0\system.xml. 
18:27:20.242 INFO  - Copied contents of F:\embedded\des\lab3\project_3\project_3.sdk\SDK\SDK_Export\hw\system_wrapper.bit into \hw_platform_0\system_wrapper.bit. 
18:27:20.272 INFO  - Copied contents of F:\embedded\des\lab3\project_3\project_3.sdk\SDK\SDK_Export\hw\system_wrapper_bd.bmm into \hw_platform_0\system_bd.bmm. 
18:27:25.035 INFO  - Copied contents of F:\embedded\des\lab3\project_3\project_3.sdk\SDK\SDK_Export\hw\ps7_init.c into \hw_platform_0\ps7_init.c. 
18:27:25.352 INFO  - Copied contents of F:\embedded\des\lab3\project_3\project_3.sdk\SDK\SDK_Export\hw\ps7_init.h into \hw_platform_0\ps7_init.h. 
18:27:25.435 INFO  - Copied contents of F:\embedded\des\lab3\project_3\project_3.sdk\SDK\SDK_Export\hw\ps7_init.html into \hw_platform_0\ps7_init.html. 
18:27:25.453 INFO  - Copied contents of F:\embedded\des\lab3\project_3\project_3.sdk\SDK\SDK_Export\hw\ps7_summary.html into \hw_platform_0\ps7_summary.html. 
18:27:25.478 INFO  - Copied contents of F:\embedded\des\lab3\project_3\project_3.sdk\SDK\SDK_Export\hw\ps7_init.tcl into \hw_platform_0\ps7_init.tcl. 
18:27:25.676 INFO  - Synchronizing projects in the workspace with the hardware platform specification changes. 
18:27:28.281 ERROR - Exception while attemping to 'diff' files F:\embedded\des\lab3\project_3\project_3.sdk\SDK\SDK_Export\hw_platform_0\system_wrapper_bd.bmm and F:\embedded\des\lab3\project_3\project_3.sdk\SDK\SDK_Export\hw\system_wrapper_bd.bmm. 
18:27:28.282 INFO  - Updating .bit and .bmm files from XPS's export folder. 
18:27:33.172 INFO  - Updating MSS for Board Support Package Project: standalone_bsp_0.
		 The following new driver assignments were made:
			Peripheral Instance: axi_bram_ctrl_0, driver: bram_v3_03_a.
			Peripheral Instance: led_ip, driver: generic_v1_00_a.
 
18:29:48.330 INFO  - Copied contents of F:\embedded\des\lab3\project_3\project_3.sdk\SDK\SDK_Export\hw\system_wrapper.bit into \hw_platform_0\system_wrapper.bit. 
18:29:48.331 INFO  - Copied contents of F:\embedded\des\lab3\project_3\project_3.sdk\SDK\SDK_Export\hw\system_wrapper_bd.bmm into \hw_platform_0\system_wrapper_bd.bmm. 
18:29:49.107 INFO  - Updating hardware inferred compiler options for TestApp. 
18:29:49.111 INFO  - Clearing existing target manager status. 
18:29:59.257 ERROR - Unexpected error while obtaining referenced S/W project {} org.eclipse.core.internal.resources.ResourceException: Resource '/mem_test' is not open.
	at org.eclipse.core.internal.resources.Project.checkAccessible(Project.java:150)
	at org.eclipse.core.internal.resources.Project.getReferencedProjects(Project.java:521)

18:29:59.258 ERROR - Unexpected error while obtaining referenced S/W project {} org.eclipse.core.internal.resources.ResourceException: Resource '/mem_test_bsp' is not open.
	at org.eclipse.core.internal.resources.Project.checkAccessible(Project.java:150)
	at org.eclipse.core.internal.resources.Project.getReferencedProjects(Project.java:521)

19:08:01.007 INFO  - Saving repository preferences. 
19:08:01.011 INFO  - Reading in cores from local repositories: 
		 F:\embedded\des\lab3\led_ip\led_ip_1.0 
19:08:01.022 INFO  - Updating libgen.options on all BSP projects. 
19:08:01.028 INFO  - Cleaning BSP projects in the workspace. 
19:09:07.208 INFO  - Settings changed on project standalone_bsp_0. Triggering a rebuild... 
19:09:08.185 INFO  - Refreshed build settings on project TestApp 
19:09:08.192 INFO  - Refreshed build settings on project lab4 
19:19:39.818 INFO  - FPGA configured successfully with bitstream "F:/embedded/des/lab3/project_3/project_3.sdk/SDK/SDK_Export/hw_platform_0/system_wrapper.bit" 
19:20:43.778 INFO  - Processor reset is completed for ps7_cortexa9_0 
19:20:43.780 INFO  - PS initialization will be done as it is not done before. 
19:20:43.781 INFO  - Running PS initialization.... 
19:20:43.927 INFO  - ps7_init is completed. 
19:20:44.027 INFO  - ps7_post_config is completed. 
19:20:44.127 INFO  - PS Initialization is complete. 
19:31:49.467 INFO  - Successfully generated D:\xup\bootbin\ea.ld. 
19:35:21.662 INFO  - Successfully generated F:\embedded\des\lab3\project_3\project_3.sdk\SDK\SDK_Export\lab4\src\lscript.ld. 
19:38:11.097 INFO  - Successfully generated F:\embedded\des\lab3\project_3\project_3.sdk\SDK\SDK_Export\lab4\src\lscript.ld. 
19:40:03.134 INFO  - Processor reset is completed for ps7_cortexa9_0 
19:40:03.234 INFO  - PS initialization will be done as it is not done before. 
19:40:03.234 INFO  - Running PS initialization.... 
19:40:03.375 INFO  - ps7_init is completed. 
19:40:03.475 INFO  - ps7_post_config is completed. 
19:40:03.575 INFO  - PS Initialization is complete. 
19:40:20.097 INFO  - FPGA configured successfully with bitstream "F:/embedded/des/lab3/project_3/project_3.sdk/SDK/SDK_Export/hw_platform_0/system_wrapper.bit" 
19:40:33.261 INFO  - ps7_cortexa9_0 Processor is in use. Please stop existing Run or Debug sessions before launching. 
19:40:39.023 ERROR - Unexpected error while launching program. java.lang.RuntimeException: No Active System

	at com.xilinx.sdk.targetmanager.internal.TM.stop(Unknown Source)
	at com.xilinx.sdk.targetmanager.internal.CPURunSession.terminate(Unknown Source)

19:41:07.413 INFO  - FPGA configured successfully with bitstream "F:/embedded/des/lab3/project_3/project_3.sdk/SDK/SDK_Export/hw_platform_0/system_wrapper.bit" 
19:41:31.256 INFO  - ps7_cortexa9_0 Processor is in use. Please stop existing Run or Debug sessions before launching. 
19:41:35.262 ERROR - Unexpected error while launching program. java.lang.RuntimeException: No Active System

	at com.xilinx.sdk.targetmanager.internal.TM.stop(Unknown Source)
	at com.xilinx.sdk.targetmanager.internal.CPURunSession.terminate(Unknown Source)

19:41:47.991 ERROR - Unexpected error while fetching XMD's response:  java.net.SocketException: Connection reset
	at java.net.SocketInputStream.read(Unknown Source)
	at sun.nio.cs.StreamDecoder.readBytes(Unknown Source)

19:41:47.994 ERROR - Zero sized response read from XMD. This indicates a communication error or a programming error. 
19:44:54.470 INFO  - Processing command line option -hwspec F:/embedded/des/lab3/project_3/project_3.sdk/SDK/SDK_Export/hw/system.xml. 
19:45:32.528 INFO  - FPGA configured successfully with bitstream "F:/embedded/des/lab3/project_3/project_3.sdk/SDK/SDK_Export/hw_platform_0/system_wrapper.bit" 
19:45:51.447 INFO  - Processor reset is completed for ps7_cortexa9_0 
19:45:51.659 INFO  - PS initialization will be done as it is not done before. 
19:45:51.659 INFO  - Running PS initialization.... 
19:45:51.802 INFO  - ps7_init is completed. 
19:45:51.807 INFO  - ps7_post_config is completed. 
19:45:51.809 INFO  - PS Initialization is complete. 
19:47:43.521 ERROR - Unexpected error while parsing XMD response ?: com.google.gson.JsonSyntaxException: com.google.gson.stream.MalformedJsonException: invalid number or unquoted string near  
09:51:20.080 INFO  - Processing command line option -hwspec F:/lab5/lab5.sdk/SDK/SDK_Export/hw/system.xml. 
09:52:25.117 INFO  - Restoring local repository preferences: 
		 F:\embedded\des\lab3\led_ip\led_ip_1.0 
10:10:17.221 INFO  - FPGA configured successfully with bitstream "F:/lab5/lab5.sdk/SDK/SDK_Export/hw_platform_0/system_wrapper.bit" 
10:10:32.676 INFO  - FPGA configured successfully with bitstream "F:/lab5/lab5.sdk/SDK/SDK_Export/hw_platform_0/system_wrapper.bit" 
10:10:56.741 INFO  - Processor reset is completed for ps7_cortexa9_0 
10:10:56.850 INFO  - PS initialization will be done as it is not done before. 
10:10:56.850 INFO  - Running PS initialization.... 
10:10:56.975 INFO  - ps7_init is completed. 
10:10:57.084 INFO  - ps7_post_config is completed. 
10:10:57.193 INFO  - PS Initialization is complete. 
10:13:59.880 INFO  - Processor reset is completed for ps7_cortexa9_0 
10:13:59.989 INFO  - PS initialization will be done as it is not done before. 
10:13:59.989 INFO  - Running PS initialization.... 
10:14:00.114 INFO  - ps7_init is completed. 
10:14:00.223 INFO  - ps7_post_config is completed. 
10:14:00.332 INFO  - PS Initialization is complete. 
10:16:03.007 INFO  - ps7_cortexa9_0 Processor is in use. Please stop existing Run or Debug sessions before launching. 
10:16:08.002 INFO  - Processor reset is completed for ps7_cortexa9_0 
10:16:10.110 ERROR - Unexpected error while launching program. java.lang.RuntimeException: Failed to download ELF file


    AP transaction error (DP CTRL_STAT=0xf0000021)
    Error Address = 0x00100000, Size = 0x00000004


	at com.xilinx.sdk.targetmanager.internal.TM.downloadELF(Unknown Source)
	at com.xilinx.sdk.debug.core.internal.AppRunner.run(Unknown Source)

10:17:28.670 ERROR - Unexpected error while launching program. java.lang.RuntimeException: Error in Resetting Target

    Could not stop the processor after reset


	at com.xilinx.sdk.targetmanager.internal.TM.doProcessorReset(Unknown Source)
	at com.xilinx.sdk.debug.core.internal.AppRunner.run(Unknown Source)

10:18:58.404 ERROR - Unable to disconnect from existing targets java.lang.NullPointerException
	at com.xilinx.sdk.targetmanager.internal.json.XMDJSONProcess.issueCommand(Unknown Source)
	at com.xilinx.sdk.targetmanager.internal.TM.disconnectTarget(Unknown Source)

10:18:58.404 ERROR - Unexpected error while parsing XMD response ?: com.google.gson.JsonSyntaxException: com.google.gson.stream.MalformedJsonException: invalid number or unquoted string near  
10:21:14.586 INFO  - Processing command line option -hwspec F:/lab5/lab5.sdk/SDK/SDK_Export/hw/system.xml. 
10:21:31.145 INFO  - FPGA configured successfully with bitstream "F:/lab5/lab5.sdk/SDK/SDK_Export/hw_platform_0/system_wrapper.bit" 
10:21:51.511 INFO  - Processor reset is completed for ps7_cortexa9_0 
10:21:51.620 INFO  - PS initialization will be done as it is not done before. 
10:21:51.620 INFO  - Running PS initialization.... 
10:21:51.745 INFO  - ps7_init is completed. 
10:21:51.854 INFO  - ps7_post_config is completed. 
10:21:51.963 INFO  - PS Initialization is complete. 
10:25:42.462 INFO  - ps7_cortexa9_0 Processor is in use. Please stop existing Run or Debug sessions before launching. 
10:25:48.260 INFO  - Processor reset is completed for ps7_cortexa9_0 
10:26:13.424 ERROR - Unable to disconnect from existing targets java.lang.NullPointerException
	at com.xilinx.sdk.targetmanager.internal.json.XMDJSONProcess.issueCommand(Unknown Source)
	at com.xilinx.sdk.targetmanager.internal.TM.disconnectTarget(Unknown Source)

10:26:13.535 ERROR - Unexpected error while fetching XMD's response:  java.net.SocketException: Connection reset
	at java.net.SocketInputStream.read(Unknown Source)
	at sun.nio.cs.StreamDecoder.readBytes(Unknown Source)

10:26:13.535 ERROR - Zero sized response read from XMD. This indicates a communication error or a programming error. 
