Copyright 1986-1999, 2001-2013 Xilinx, Inc. All Rights Reserved.
----------------------------------------------------------------------------------------------------------------------------------
| Tool Version : Vivado v.2013.4 (win32) Build 353583 Mon Dec  9 17:38:55 MST 2013
| Date         : Sat Jun 13 20:22:05 2015
| Host         : Fengxiyuan-PC running 32-bit Service Pack 1  (build 7601)
| Command      : report_timing_summary -file system_wrapper_timing_summary_routed.rpt -pb system_wrapper_timing_summary_routed.pb
| Design       : system_wrapper
| Device       : 7z010-clg400
| Speed File   : -1  PRODUCTION 1.09 2013-11-22
----------------------------------------------------------------------------------------------------------------------------------

Timing Summary Report

------------------------------------------------------------------------------------------------
| Timer Settings
| --------------
------------------------------------------------------------------------------------------------

  Enable Multi Corner Analysis               :  Yes
  Enable Pessimism Removal                   :  Yes
  Pessimism Removal Resolution               :  Nearest Common Node
  Enable Input Delay Default Clock           :  No
  Enable Preset / Clear Arcs                 :  No
  Disable Flight Delays                      :  No

  Corner  Analyze    Analyze    
  Name    Max Paths  Min Paths  
  ------  ---------  ---------  
  Slow    Yes        Yes        
  Fast    Yes        Yes        


------------------------------------------------------------------------------------------------
| Check Timing
| ------------
------------------------------------------------------------------------------------------------


Checking 'no_clock'.
 There are 0 register/latch pins with no clock.
 There are 0 register/latch pins with constant_clock.

Checking 'unconstrained_internal_endpoints'.
 There are 8 pins that are not constrained for maximum delay.
 There are 0 pins that are not constrained for maximum delay due to constant clock.

Checking 'no_input_delay'.
 There are 8 input ports with no input delay specified.

Checking 'no_output_delay'.
 There are 4 ports with no output delay specified.

Checking 'multiple_clock'.
 There are 0 register/latch pins with related clocks.
 There are 0 register/latch pins with exclusive clocks.

Checking 'generated_clocks'.
 There are 0 generated clocks that are not connected to a clock source.

Checking 'loops'.
 There are 0 combinational loops in the design.

Checking 'partial_input_delay'.
 There are 0 input ports with partial input delay specified.

Checking 'partial_output_delay'.
 There are 0 ports with partial output delay specified.

Checking 'unexpandable_clocks'.
 There are 0 related clock pairs.
 There are 0 User Ignored clock pairs.

Checking 'latch_loops'.
 There are 0 combinational latch loops in the design through latch input

------------------------------------------------------------------------------------------------
| Design Timing Summary
| ---------------------
------------------------------------------------------------------------------------------------

    WNS(ns)      TNS(ns)  TNS Failing Endpoints  TNS Total Endpoints      WHS(ns)      THS(ns)  THS Failing Endpoints  THS Total Endpoints     WPWS(ns)     TPWS(ns)  TPWS Failing Endpoints  TPWS Total Endpoints  
    -------      -------  ---------------------  -------------------      -------      -------  ---------------------  -------------------     --------     --------  ----------------------  --------------------  
      2.814        0.000                      0                 3552        0.059        0.000                      0                 3552        4.020        0.000                       0                  1870  


All user specified timing constraints are met.


------------------------------------------------------------------------------------------------
| Clock Summary
| -------------
------------------------------------------------------------------------------------------------

Clock       Waveform(ns)       Period(ns)      Frequency(MHz)
-----       ------------       ----------      --------------
clk_fpga_0  {0.000 5.000}      10.000          100.000         


------------------------------------------------------------------------------------------------
| Intra Clock Table
| -----------------
------------------------------------------------------------------------------------------------

Clock             WNS(ns)      TNS(ns)  TNS Failing Endpoints  TNS Total Endpoints      WHS(ns)      THS(ns)  THS Failing Endpoints  THS Total Endpoints     WPWS(ns)     TPWS(ns)  TPWS Failing Endpoints  TPWS Total Endpoints  
-----             -------      -------  ---------------------  -------------------      -------      -------  ---------------------  -------------------     --------     --------  ----------------------  --------------------  
clk_fpga_0          2.814        0.000                      0                 3552        0.059        0.000                      0                 3552        4.020        0.000                       0                  1870  


------------------------------------------------------------------------------------------------
| Inter Clock Table
| -----------------
------------------------------------------------------------------------------------------------

From Clock    To Clock          WNS(ns)      TNS(ns)  TNS Failing Endpoints  TNS Total Endpoints      WHS(ns)      THS(ns)  THS Failing Endpoints  THS Total Endpoints  
----------    --------          -------      -------  ---------------------  -------------------      -------      -------  ---------------------  -------------------  


------------------------------------------------------------------------------------------------
| Other Path Groups Table
| -----------------------
------------------------------------------------------------------------------------------------

Path Group    From Clock    To Clock          WNS(ns)      TNS(ns)  TNS Failing Endpoints  TNS Total Endpoints      WHS(ns)      THS(ns)  THS Failing Endpoints  THS Total Endpoints  
----------    ----------    --------          -------      -------  ---------------------  -------------------      -------      -------  ---------------------  -------------------  


------------------------------------------------------------------------------------------------
| Timing Details
| --------------
------------------------------------------------------------------------------------------------


---------------------------------------------------------------------------------------------------
From Clock:  clk_fpga_0
  To Clock:  clk_fpga_0

Setup :            0  Failing Endpoints,  Worst Slack        2.814ns,  Total Violation        0.000ns
Hold  :            0  Failing Endpoints,  Worst Slack        0.059ns,  Total Violation        0.000ns
PW    :            0  Failing Endpoints,  Worst Slack        4.020ns,  Total Violation        0.000ns
---------------------------------------------------------------------------------------------------


Max Delay Paths
--------------------------------------------------------------------------------------
Slack (MET) :             2.814ns  (required time - arrival time)
  Source:                 system_i/led_ip/inst/led_ip_v1_0_S_AXI_inst/axi_awaddr_reg[2]/C
                            (rising edge-triggered cell FDRE clocked by clk_fpga_0  {rise@0.000ns fall@5.000ns period=10.000ns})
  Destination:            system_i/led_ip/inst/led_ip_v1_0_S_AXI_inst/slv_reg2_reg[7]/D
                            (rising edge-triggered cell FDRE clocked by clk_fpga_0  {rise@0.000ns fall@5.000ns period=10.000ns})
  Path Group:             clk_fpga_0
  Path Type:              Setup (Max at Slow Process Corner)
  Requirement:            10.000ns  (clk_fpga_0 rise@10.000ns - clk_fpga_0 rise@0.000ns)
  Data Path Delay:        6.966ns  (logic 0.704ns (10.107%)  route 6.262ns (89.893%))
  Logic Levels:           2  (LUT3=1 LUT5=1)
  Clock Path Skew:        -0.099ns (DCD - SCD + CPR)
    Destination Clock Delay (DCD):    3.344ns = ( 13.344 - 10.000 ) 
    Source Clock Delay      (SCD):    3.725ns
    Clock Pessimism Removal (CPR):    0.282ns
  Clock Uncertainty:      0.154ns  ((TSJ^2 + TIJ^2)^1/2 + DJ) / 2 + PE
    Total System Jitter     (TSJ):    0.071ns
    Total Input Jitter      (TIJ):    0.300ns
    Discrete Jitter          (DJ):    0.000ns
    Phase Error              (PE):    0.000ns

    Location             Delay type                Incr(ns)  Path(ns)    Netlist Resource(s)
  -------------------------------------------------------------------    -------------------
                         (clock clk_fpga_0 rise edge)
                                                      0.000     0.000 r  
    PS7_X0Y0             PS7                          0.000     0.000 r  system_i/processing_system7_0/U0/PS7_i/FCLKCLK[0]
                         net (fo=1, routed)           1.960     1.960    system_i/processing_system7_0/U0/FCLK_CLK_unbuffered[0]
    BUFGCTRL_X0Y0        BUFG (Prop_bufg_I_O)         0.101     2.061 r  system_i/processing_system7_0/U0/buffer_fclk_clk_0.FCLK_CLK_0_BUFG/O
                         net (fo=1870, routed)        1.664     3.725    system_i/led_ip/s_axi_aclk
    SLICE_X22Y36                                                      r  system_i/led_ip/inst/led_ip_v1_0_S_AXI_inst/axi_awaddr_reg[2]/C
  -------------------------------------------------------------------    -------------------
    SLICE_X22Y36         FDRE (Prop_fdre_C_Q)         0.456     4.181 f  system_i/led_ip/inst/led_ip_v1_0_S_AXI_inst/axi_awaddr_reg[2]/Q
                         net (fo=129, routed)         5.116     9.297    system_i/led_ip/inst/led_ip_v1_0_S_AXI_inst/p_0_in[0]
    SLICE_X5Y41          LUT3 (Prop_lut3_I1_O)        0.124     9.421 r  system_i/led_ip/slv_reg2[7]_i_2/O
                         net (fo=1, routed)           1.145    10.566    system_i/led_ip/inst/led_ip_v1_0_S_AXI_inst/slv_reg2[7]
    SLICE_X5Y43          LUT5 (Prop_lut5_I3_O)        0.124    10.690 r  system_i/led_ip/slv_reg2[7]_i_1/O
                         net (fo=1, routed)           0.000    10.690    system_i/led_ip/n_0_slv_reg2[7]_i_1
    SLICE_X5Y43          FDRE                                         r  system_i/led_ip/inst/led_ip_v1_0_S_AXI_inst/slv_reg2_reg[7]/D
  -------------------------------------------------------------------    -------------------

                         (clock clk_fpga_0 rise edge)
                                                     10.000    10.000 r  
    PS7_X0Y0             PS7                          0.000    10.000 r  system_i/processing_system7_0/U0/PS7_i/FCLKCLK[0]
                         net (fo=1, routed)           1.702    11.702    system_i/processing_system7_0/U0/FCLK_CLK_unbuffered[0]
    BUFGCTRL_X0Y0        BUFG (Prop_bufg_I_O)         0.091    11.793 r  system_i/processing_system7_0/U0/buffer_fclk_clk_0.FCLK_CLK_0_BUFG/O
                         net (fo=1870, routed)        1.551    13.344    system_i/led_ip/s_axi_aclk
    SLICE_X5Y43                                                       r  system_i/led_ip/inst/led_ip_v1_0_S_AXI_inst/slv_reg2_reg[7]/C
                         clock pessimism              0.282    13.626    
                         clock uncertainty           -0.154    13.472    
    SLICE_X5Y43          FDRE (Setup_fdre_C_D)        0.032    13.504    system_i/led_ip/inst/led_ip_v1_0_S_AXI_inst/slv_reg2_reg[7]
  -------------------------------------------------------------------
                         required time                         13.504    
                         arrival time                         -10.690    
  -------------------------------------------------------------------
                         slack                                  2.814    





Min Delay Paths
--------------------------------------------------------------------------------------
Slack (MET) :             0.059ns  (arrival time - required time)
  Source:                 system_i/processing_system7_0_axi_periph/m01_couplers/auto_pc/inst/gen_axilite.gen_b2s_conv.axilite_b2s/SI_REG/ar_pipe/skid_buffer_reg[46]/C
                            (rising edge-triggered cell FDRE clocked by clk_fpga_0  {rise@0.000ns fall@5.000ns period=10.000ns})
  Destination:            system_i/processing_system7_0_axi_periph/m01_couplers/auto_pc/inst/gen_axilite.gen_b2s_conv.axilite_b2s/SI_REG/ar_pipe/m_payload_i_reg[46]/D
                            (rising edge-triggered cell FDRE clocked by clk_fpga_0  {rise@0.000ns fall@5.000ns period=10.000ns})
  Path Group:             clk_fpga_0
  Path Type:              Hold (Min at Fast Process Corner)
  Requirement:            0.000ns  (clk_fpga_0 rise@0.000ns - clk_fpga_0 rise@0.000ns)
  Data Path Delay:        0.448ns  (logic 0.209ns (46.698%)  route 0.239ns (53.302%))
  Logic Levels:           1  (LUT3=1)
  Clock Path Skew:        0.267ns (DCD - SCD - CPR)
    Destination Clock Delay (DCD):    1.829ns
    Source Clock Delay      (SCD):    1.452ns
    Clock Pessimism Removal (CPR):    0.109ns

    Location             Delay type                Incr(ns)  Path(ns)    Netlist Resource(s)
  -------------------------------------------------------------------    -------------------
                         (clock clk_fpga_0 rise edge)
                                                      0.000     0.000 r  
    PS7_X0Y0             PS7                          0.000     0.000 r  system_i/processing_system7_0/U0/PS7_i/FCLKCLK[0]
                         net (fo=1, routed)           0.860     0.860    system_i/processing_system7_0/U0/FCLK_CLK_unbuffered[0]
    BUFGCTRL_X0Y0        BUFG (Prop_bufg_I_O)         0.026     0.886 r  system_i/processing_system7_0/U0/buffer_fclk_clk_0.FCLK_CLK_0_BUFG/O
                         net (fo=1870, routed)        0.567     1.452    system_i/processing_system7_0_axi_periph/m01_couplers/auto_pc/aclk
    SLICE_X8Y49                                                       r  system_i/processing_system7_0_axi_periph/m01_couplers/auto_pc/inst/gen_axilite.gen_b2s_conv.axilite_b2s/SI_REG/ar_pipe/skid_buffer_reg[46]/C
  -------------------------------------------------------------------    -------------------
    SLICE_X8Y49          FDRE (Prop_fdre_C_Q)         0.164     1.616 r  system_i/processing_system7_0_axi_periph/m01_couplers/auto_pc/inst/gen_axilite.gen_b2s_conv.axilite_b2s/SI_REG/ar_pipe/skid_buffer_reg[46]/Q
                         net (fo=1, routed)           0.239     1.855    system_i/processing_system7_0_axi_periph/m01_couplers/auto_pc/n_0_inst/gen_axilite.gen_b2s_conv.axilite_b2s/SI_REG/ar_pipe/skid_buffer_reg[46]
    SLICE_X8Y50          LUT3 (Prop_lut3_I2_O)        0.045     1.900 r  system_i/processing_system7_0_axi_periph/m01_couplers/auto_pc/m_payload_i[46]_i_1__0/O
                         net (fo=1, routed)           0.000     1.900    system_i/processing_system7_0_axi_periph/m01_couplers/auto_pc/n_0_m_payload_i[46]_i_1__0
    SLICE_X8Y50          FDRE                                         r  system_i/processing_system7_0_axi_periph/m01_couplers/auto_pc/inst/gen_axilite.gen_b2s_conv.axilite_b2s/SI_REG/ar_pipe/m_payload_i_reg[46]/D
  -------------------------------------------------------------------    -------------------

                         (clock clk_fpga_0 rise edge)
                                                      0.000     0.000 r  
    PS7_X0Y0             PS7                          0.000     0.000 r  system_i/processing_system7_0/U0/PS7_i/FCLKCLK[0]
                         net (fo=1, routed)           0.966     0.966    system_i/processing_system7_0/U0/FCLK_CLK_unbuffered[0]
    BUFGCTRL_X0Y0        BUFG (Prop_bufg_I_O)         0.029     0.995 r  system_i/processing_system7_0/U0/buffer_fclk_clk_0.FCLK_CLK_0_BUFG/O
                         net (fo=1870, routed)        0.834     1.829    system_i/processing_system7_0_axi_periph/m01_couplers/auto_pc/aclk
    SLICE_X8Y50                                                       r  system_i/processing_system7_0_axi_periph/m01_couplers/auto_pc/inst/gen_axilite.gen_b2s_conv.axilite_b2s/SI_REG/ar_pipe/m_payload_i_reg[46]/C
                         clock pessimism             -0.109     1.720    
    SLICE_X8Y50          FDRE (Hold_fdre_C_D)         0.121     1.841    system_i/processing_system7_0_axi_periph/m01_couplers/auto_pc/inst/gen_axilite.gen_b2s_conv.axilite_b2s/SI_REG/ar_pipe/m_payload_i_reg[46]
  -------------------------------------------------------------------
                         required time                         -1.841    
                         arrival time                           1.900    
  -------------------------------------------------------------------
                         slack                                  0.059    





Pulse Width Checks
--------------------------------------------------------------------------------------
Clock Name:         clk_fpga_0
Waveform:           { 0 5 }
Period:             10.000
Sources:            { system_i/processing_system7_0/U0/PS7_i/FCLKCLK[0] }

Check Type        Corner  Lib Pin             Reference Pin  Required  Actual  Slack  Location      Pin
Min Period        n/a     RAMB36E1/CLKARDCLK  n/a            2.576     10.000  7.424  RAMB36_X0Y9   system_i/axi_bram_ctrl_0_bram/U0/inst_blk_mem_gen/gnative_mem_map_bmg.native_mem_map_blk_mem_gen/valid.cstr/ramloop[0].ram.r/prim_noinit.ram/DEVICE_7SERIES.WITH_BMM_INFO.SP.SIMPLE_PRIM36.SP_NO_ECC_ATTR.ram/CLKARDCLK
Low Pulse Width   Slow    SRLC32E/CLK         n/a            0.980     5.000   4.020  SLICE_X6Y34   system_i/processing_system7_0_axi_periph/m01_couplers/auto_pc/inst/gen_axilite.gen_b2s_conv.axilite_b2s/RD.r_channel_0/rd_data_fifo_0/memory_reg[31][1]_srl32/CLK
High Pulse Width  Fast    SRLC32E/CLK         n/a            0.980     5.000   4.020  SLICE_X12Y46  system_i/processing_system7_0_axi_periph/m00_couplers/auto_pc/inst/gen_axilite.gen_b2s_conv.axilite_b2s/RD.r_channel_0/rd_data_fifo_0/memory_reg[31][10]_srl32/CLK



